<?xml version="1.0" encoding="UTF-8"?>
<!-- Generated by org.testng.reporters.JUnitXMLReporter -->
<testsuite hostname="DESKTOP-PQV0186" name="TestGuru" tests="3" failures="0" timestamp="1 Oct 2018 07:58:40 GMT" time="27.431" errors="0">
  <testcase name="executSessionOne" time="11.45" classname="SessionHandling.TestGuru99MultipleSession"/>
  <testcase name="executSessionThree" time="7.401" classname="SessionHandling.TestGuru99MultipleSession"/>
  <testcase name="executeSessionTwo" time="8.551" classname="SessionHandling.TestGuru99MultipleSession"/>
</testsuite> <!-- TestGuru -->
